[2025-12-16T04:49:46.639+0000] {taskinstance.py:1956} INFO - Dependencies all met for dep_context=non-requeueable deps ti=<TaskInstance: amazon_sales_etl.gold_aggregations manual__2025-12-16T04:49:45.462808+00:00 [queued]>
[2025-12-16T04:49:46.647+0000] {taskinstance.py:1956} INFO - Dependencies all met for dep_context=requeueable deps ti=<TaskInstance: amazon_sales_etl.gold_aggregations manual__2025-12-16T04:49:45.462808+00:00 [queued]>
[2025-12-16T04:49:46.647+0000] {taskinstance.py:2170} INFO - Starting attempt 1 of 1
[2025-12-16T04:49:46.659+0000] {taskinstance.py:2191} INFO - Executing <Task(BashOperator): gold_aggregations> on 2025-12-16 04:49:45.462808+00:00
[2025-12-16T04:49:46.663+0000] {standard_task_runner.py:60} INFO - Started process 4440 to run task
[2025-12-16T04:49:46.666+0000] {standard_task_runner.py:87} INFO - Running: ['***', 'tasks', 'run', 'amazon_sales_etl', 'gold_aggregations', 'manual__2025-12-16T04:49:45.462808+00:00', '--job-id', '115', '--raw', '--subdir', 'DAGS_FOLDER/amazon_sales_etl.py', '--cfg-path', '/tmp/tmp2pwokqrj']
[2025-12-16T04:49:46.669+0000] {standard_task_runner.py:88} INFO - Job 115: Subtask gold_aggregations
[2025-12-16T04:49:46.724+0000] {task_command.py:423} INFO - Running <TaskInstance: amazon_sales_etl.gold_aggregations manual__2025-12-16T04:49:45.462808+00:00 [running]> on host 77b5a49f3616
[2025-12-16T04:49:46.801+0000] {taskinstance.py:2480} INFO - Exporting env vars: AIRFLOW_CTX_DAG_OWNER='***' AIRFLOW_CTX_DAG_ID='amazon_sales_etl' AIRFLOW_CTX_TASK_ID='gold_aggregations' AIRFLOW_CTX_EXECUTION_DATE='2025-12-16T04:49:45.462808+00:00' AIRFLOW_CTX_TRY_NUMBER='1' AIRFLOW_CTX_DAG_RUN_ID='manual__2025-12-16T04:49:45.462808+00:00'
[2025-12-16T04:49:46.802+0000] {subprocess.py:63} INFO - Tmp dir root location: /tmp
[2025-12-16T04:49:46.804+0000] {subprocess.py:75} INFO - Running command: ['/usr/bin/bash', '-c', 'python /opt/***/spark/jobs/gold.py']
[2025-12-16T04:49:46.811+0000] {subprocess.py:86} INFO - Output:
[2025-12-16T04:49:48.229+0000] {subprocess.py:93} INFO - :: loading settings :: url = jar:file:/home/***/.local/lib/python3.8/site-packages/pyspark/jars/ivy-2.5.1.jar!/org/apache/ivy/core/settings/ivysettings.xml
[2025-12-16T04:49:48.304+0000] {subprocess.py:93} INFO - Ivy Default Cache set to: /home/***/.ivy2/cache
[2025-12-16T04:49:48.305+0000] {subprocess.py:93} INFO - The jars for the packages stored in: /home/***/.ivy2/jars
[2025-12-16T04:49:48.308+0000] {subprocess.py:93} INFO - org.postgresql#postgresql added as a dependency
[2025-12-16T04:49:48.310+0000] {subprocess.py:93} INFO - :: resolving dependencies :: org.apache.spark#spark-submit-parent-59555e22-e681-42ca-a48d-baff7f01d5c0;1.0
[2025-12-16T04:49:48.311+0000] {subprocess.py:93} INFO - 	confs: [default]
[2025-12-16T04:49:48.390+0000] {subprocess.py:93} INFO - 	found org.postgresql#postgresql;42.7.3 in central
[2025-12-16T04:49:48.407+0000] {subprocess.py:93} INFO - 	found org.checkerframework#checker-qual;3.42.0 in central
[2025-12-16T04:49:48.419+0000] {subprocess.py:93} INFO - :: resolution report :: resolve 105ms :: artifacts dl 5ms
[2025-12-16T04:49:48.422+0000] {subprocess.py:93} INFO - 	:: modules in use:
[2025-12-16T04:49:48.422+0000] {subprocess.py:93} INFO - 	org.checkerframework#checker-qual;3.42.0 from central in [default]
[2025-12-16T04:49:48.423+0000] {subprocess.py:93} INFO - 	org.postgresql#postgresql;42.7.3 from central in [default]
[2025-12-16T04:49:48.423+0000] {subprocess.py:93} INFO - 	---------------------------------------------------------------------
[2025-12-16T04:49:48.424+0000] {subprocess.py:93} INFO - 	|                  |            modules            ||   artifacts   |
[2025-12-16T04:49:48.424+0000] {subprocess.py:93} INFO - 	|       conf       | number| search|dwnlded|evicted|| number|dwnlded|
[2025-12-16T04:49:48.425+0000] {subprocess.py:93} INFO - 	---------------------------------------------------------------------
[2025-12-16T04:49:48.425+0000] {subprocess.py:93} INFO - 	|      default     |   2   |   0   |   0   |   0   ||   2   |   0   |
[2025-12-16T04:49:48.426+0000] {subprocess.py:93} INFO - 	---------------------------------------------------------------------
[2025-12-16T04:49:48.426+0000] {subprocess.py:93} INFO - :: retrieving :: org.apache.spark#spark-submit-parent-59555e22-e681-42ca-a48d-baff7f01d5c0
[2025-12-16T04:49:48.427+0000] {subprocess.py:93} INFO - 	confs: [default]
[2025-12-16T04:49:48.427+0000] {subprocess.py:93} INFO - 	0 artifacts copied, 2 already retrieved (0kB/4ms)
[2025-12-16T04:49:48.572+0000] {subprocess.py:93} INFO - 25/12/16 04:49:48 WARN NativeCodeLoader: Unable to load native-hadoop library for your platform... using builtin-java classes where applicable
[2025-12-16T04:49:48.704+0000] {subprocess.py:93} INFO - Setting default log level to "WARN".
[2025-12-16T04:49:48.705+0000] {subprocess.py:93} INFO - To adjust logging level use sc.setLogLevel(newLevel). For SparkR, use setLogLevel(newLevel).
[2025-12-16T04:49:53.119+0000] {subprocess.py:93} INFO - Spark started: 3.4.1
[2025-12-16T04:49:53.120+0000] {subprocess.py:93} INFO - Data successfully written to table: product_summary
[2025-12-16T04:49:53.120+0000] {subprocess.py:93} INFO - UNKNOWN ERROR while writing product_summary
[2025-12-16T04:49:53.127+0000] {subprocess.py:93} INFO - Traceback (most recent call last):
[2025-12-16T04:49:53.128+0000] {subprocess.py:93} INFO -   File "/opt/***/spark/jobs/gold.py", line 125, in <module>
[2025-12-16T04:49:53.128+0000] {subprocess.py:93} INFO -     main()
[2025-12-16T04:49:53.128+0000] {subprocess.py:93} INFO -   File "/opt/***/spark/jobs/gold.py", line 111, in main
[2025-12-16T04:49:53.129+0000] {subprocess.py:93} INFO -     write_to_postgres(product_summary_gold_df, "product_summary")
[2025-12-16T04:49:53.129+0000] {subprocess.py:93} INFO -   File "/opt/***/spark/jobs/gold.py", line 79, in write_to_postgres
[2025-12-16T04:49:53.129+0000] {subprocess.py:93} INFO -     raise e
[2025-12-16T04:49:53.129+0000] {subprocess.py:93} INFO -   File "/opt/***/spark/jobs/gold.py", line 66, in write_to_postgres
[2025-12-16T04:49:53.130+0000] {subprocess.py:93} INFO -     print(f"Rows cont: ", written_data.count())
[2025-12-16T04:49:53.130+0000] {subprocess.py:93} INFO - AttributeError: 'NoneType' object has no attribute 'count'
[2025-12-16T04:49:53.555+0000] {subprocess.py:97} INFO - Command exited with return code 1
[2025-12-16T04:49:53.566+0000] {taskinstance.py:2698} ERROR - Task failed with exception
Traceback (most recent call last):
  File "/home/airflow/.local/lib/python3.8/site-packages/airflow/models/taskinstance.py", line 433, in _execute_task
    result = execute_callable(context=context, **execute_callable_kwargs)
  File "/home/airflow/.local/lib/python3.8/site-packages/airflow/operators/bash.py", line 212, in execute
    raise AirflowException(
airflow.exceptions.AirflowException: Bash command failed. The command returned a non-zero exit code 1.
[2025-12-16T04:49:53.568+0000] {taskinstance.py:1138} INFO - Marking task as FAILED. dag_id=amazon_sales_etl, task_id=gold_aggregations, execution_date=20251216T044945, start_date=20251216T044946, end_date=20251216T044953
[2025-12-16T04:49:53.579+0000] {standard_task_runner.py:107} ERROR - Failed to execute job 115 for task gold_aggregations (Bash command failed. The command returned a non-zero exit code 1.; 4440)
[2025-12-16T04:49:53.623+0000] {local_task_job_runner.py:234} INFO - Task exited with return code 1
[2025-12-16T04:49:53.635+0000] {taskinstance.py:3280} INFO - 0 downstream tasks scheduled from follow-on schedule check
