[2025-12-15T15:36:17.463+0000] {taskinstance.py:1956} INFO - Dependencies all met for dep_context=non-requeueable deps ti=<TaskInstance: amazon_sales_etl.transform_data manual__2025-12-15T15:36:16.866018+00:00 [queued]>
[2025-12-15T15:36:17.472+0000] {taskinstance.py:1956} INFO - Dependencies all met for dep_context=requeueable deps ti=<TaskInstance: amazon_sales_etl.transform_data manual__2025-12-15T15:36:16.866018+00:00 [queued]>
[2025-12-15T15:36:17.473+0000] {taskinstance.py:2170} INFO - Starting attempt 1 of 1
[2025-12-15T15:36:17.484+0000] {taskinstance.py:2191} INFO - Executing <Task(BashOperator): transform_data> on 2025-12-15 15:36:16.866018+00:00
[2025-12-15T15:36:17.487+0000] {standard_task_runner.py:60} INFO - Started process 208 to run task
[2025-12-15T15:36:17.491+0000] {standard_task_runner.py:87} INFO - Running: ['***', 'tasks', 'run', 'amazon_sales_etl', 'transform_data', 'manual__2025-12-15T15:36:16.866018+00:00', '--job-id', '93', '--raw', '--subdir', 'DAGS_FOLDER/amazon_sales_etl.py', '--cfg-path', '/tmp/tmp9vdz8u5e']
[2025-12-15T15:36:17.493+0000] {standard_task_runner.py:88} INFO - Job 93: Subtask transform_data
[2025-12-15T15:36:17.542+0000] {task_command.py:423} INFO - Running <TaskInstance: amazon_sales_etl.transform_data manual__2025-12-15T15:36:16.866018+00:00 [running]> on host 77b5a49f3616
[2025-12-15T15:36:17.611+0000] {taskinstance.py:2480} INFO - Exporting env vars: AIRFLOW_CTX_DAG_OWNER='***' AIRFLOW_CTX_DAG_ID='amazon_sales_etl' AIRFLOW_CTX_TASK_ID='transform_data' AIRFLOW_CTX_EXECUTION_DATE='2025-12-15T15:36:16.866018+00:00' AIRFLOW_CTX_TRY_NUMBER='1' AIRFLOW_CTX_DAG_RUN_ID='manual__2025-12-15T15:36:16.866018+00:00'
[2025-12-15T15:36:17.612+0000] {subprocess.py:63} INFO - Tmp dir root location: /tmp
[2025-12-15T15:36:17.613+0000] {subprocess.py:75} INFO - Running command: ['/usr/bin/bash', '-c', 'python /opt/***/spark/jobs/silver.py']
[2025-12-15T15:36:17.620+0000] {subprocess.py:86} INFO - Output:
[2025-12-15T15:36:19.050+0000] {subprocess.py:93} INFO - Exception in thread "main" org.apache.spark.SparkException: Master must either be yarn or start with spark, mesos, k8s, or local
[2025-12-15T15:36:19.051+0000] {subprocess.py:93} INFO - 	at org.apache.spark.deploy.SparkSubmit.error(SparkSubmit.scala:1038)
[2025-12-15T15:36:19.052+0000] {subprocess.py:93} INFO - 	at org.apache.spark.deploy.SparkSubmit.prepareSubmitEnvironment(SparkSubmit.scala:254)
[2025-12-15T15:36:19.052+0000] {subprocess.py:93} INFO - 	at org.apache.spark.deploy.SparkSubmit.org$apache$spark$deploy$SparkSubmit$$runMain(SparkSubmit.scala:955)
[2025-12-15T15:36:19.052+0000] {subprocess.py:93} INFO - 	at org.apache.spark.deploy.SparkSubmit.doRunMain$1(SparkSubmit.scala:192)
[2025-12-15T15:36:19.053+0000] {subprocess.py:93} INFO - 	at org.apache.spark.deploy.SparkSubmit.submit(SparkSubmit.scala:215)
[2025-12-15T15:36:19.053+0000] {subprocess.py:93} INFO - 	at org.apache.spark.deploy.SparkSubmit.doSubmit(SparkSubmit.scala:91)
[2025-12-15T15:36:19.053+0000] {subprocess.py:93} INFO - 	at org.apache.spark.deploy.SparkSubmit$$anon$2.doSubmit(SparkSubmit.scala:1111)
[2025-12-15T15:36:19.054+0000] {subprocess.py:93} INFO - 	at org.apache.spark.deploy.SparkSubmit$.main(SparkSubmit.scala:1120)
[2025-12-15T15:36:19.054+0000] {subprocess.py:93} INFO - 	at org.apache.spark.deploy.SparkSubmit.main(SparkSubmit.scala)
[2025-12-15T15:36:19.174+0000] {subprocess.py:93} INFO - Traceback (most recent call last):
[2025-12-15T15:36:19.175+0000] {subprocess.py:93} INFO -   File "/opt/***/spark/jobs/silver.py", line 95, in <module>
[2025-12-15T15:36:19.175+0000] {subprocess.py:93} INFO -     main()
[2025-12-15T15:36:19.175+0000] {subprocess.py:93} INFO -   File "/opt/***/spark/jobs/silver.py", line 91, in main
[2025-12-15T15:36:19.175+0000] {subprocess.py:93} INFO -     transform_amazon_sales()
[2025-12-15T15:36:19.176+0000] {subprocess.py:93} INFO -   File "/opt/***/spark/jobs/silver.py", line 6, in transform_amazon_sales
[2025-12-15T15:36:19.176+0000] {subprocess.py:93} INFO -     spark = SparkSession.builder.master(["*"]).appName("Amazon_silver").getOrCreate()
[2025-12-15T15:36:19.176+0000] {subprocess.py:93} INFO -   File "/home/***/.local/lib/python3.8/site-packages/pyspark/sql/session.py", line 477, in getOrCreate
[2025-12-15T15:36:19.176+0000] {subprocess.py:93} INFO -     sc = SparkContext.getOrCreate(sparkConf)
[2025-12-15T15:36:19.177+0000] {subprocess.py:93} INFO -   File "/home/***/.local/lib/python3.8/site-packages/pyspark/context.py", line 512, in getOrCreate
[2025-12-15T15:36:19.177+0000] {subprocess.py:93} INFO -     SparkContext(conf=conf or SparkConf())
[2025-12-15T15:36:19.177+0000] {subprocess.py:93} INFO -   File "/home/***/.local/lib/python3.8/site-packages/pyspark/context.py", line 198, in __init__
[2025-12-15T15:36:19.177+0000] {subprocess.py:93} INFO -     SparkContext._ensure_initialized(self, gateway=gateway, conf=conf)
[2025-12-15T15:36:19.178+0000] {subprocess.py:93} INFO -   File "/home/***/.local/lib/python3.8/site-packages/pyspark/context.py", line 432, in _ensure_initialized
[2025-12-15T15:36:19.178+0000] {subprocess.py:93} INFO -     SparkContext._gateway = gateway or launch_gateway(conf)
[2025-12-15T15:36:19.178+0000] {subprocess.py:93} INFO -   File "/home/***/.local/lib/python3.8/site-packages/pyspark/java_gateway.py", line 106, in launch_gateway
[2025-12-15T15:36:19.178+0000] {subprocess.py:93} INFO -     raise RuntimeError("Java gateway process exited before sending its port number")
[2025-12-15T15:36:19.178+0000] {subprocess.py:93} INFO - RuntimeError: Java gateway process exited before sending its port number
[2025-12-15T15:36:19.200+0000] {subprocess.py:97} INFO - Command exited with return code 1
[2025-12-15T15:36:19.210+0000] {taskinstance.py:2698} ERROR - Task failed with exception
Traceback (most recent call last):
  File "/home/airflow/.local/lib/python3.8/site-packages/airflow/models/taskinstance.py", line 433, in _execute_task
    result = execute_callable(context=context, **execute_callable_kwargs)
  File "/home/airflow/.local/lib/python3.8/site-packages/airflow/operators/bash.py", line 212, in execute
    raise AirflowException(
airflow.exceptions.AirflowException: Bash command failed. The command returned a non-zero exit code 1.
[2025-12-15T15:36:19.213+0000] {taskinstance.py:1138} INFO - Marking task as FAILED. dag_id=amazon_sales_etl, task_id=transform_data, execution_date=20251215T153616, start_date=20251215T153617, end_date=20251215T153619
[2025-12-15T15:36:19.223+0000] {standard_task_runner.py:107} ERROR - Failed to execute job 93 for task transform_data (Bash command failed. The command returned a non-zero exit code 1.; 208)
[2025-12-15T15:36:19.230+0000] {local_task_job_runner.py:234} INFO - Task exited with return code 1
[2025-12-15T15:36:19.243+0000] {taskinstance.py:3280} INFO - 0 downstream tasks scheduled from follow-on schedule check
