[2025-12-16T06:00:38.680+0000] {taskinstance.py:1956} INFO - Dependencies all met for dep_context=non-requeueable deps ti=<TaskInstance: amazon_sales_etl.extract_data manual__2025-12-16T05:33:15.841890+00:00 [queued]>
[2025-12-16T06:00:38.688+0000] {taskinstance.py:1956} INFO - Dependencies all met for dep_context=requeueable deps ti=<TaskInstance: amazon_sales_etl.extract_data manual__2025-12-16T05:33:15.841890+00:00 [queued]>
[2025-12-16T06:00:38.689+0000] {taskinstance.py:2170} INFO - Starting attempt 1 of 1
[2025-12-16T06:00:38.701+0000] {taskinstance.py:2191} INFO - Executing <Task(BashOperator): extract_data> on 2025-12-16 05:33:15.841890+00:00
[2025-12-16T06:00:38.705+0000] {standard_task_runner.py:60} INFO - Started process 223 to run task
[2025-12-16T06:00:38.709+0000] {standard_task_runner.py:87} INFO - Running: ['***', 'tasks', 'run', 'amazon_sales_etl', 'extract_data', 'manual__2025-12-16T05:33:15.841890+00:00', '--job-id', '128', '--raw', '--subdir', 'DAGS_FOLDER/amazon_sales_etl.py', '--cfg-path', '/tmp/tmptx2l6w60']
[2025-12-16T06:00:38.711+0000] {standard_task_runner.py:88} INFO - Job 128: Subtask extract_data
[2025-12-16T06:00:38.769+0000] {task_command.py:423} INFO - Running <TaskInstance: amazon_sales_etl.extract_data manual__2025-12-16T05:33:15.841890+00:00 [running]> on host 77b5a49f3616
[2025-12-16T06:00:38.837+0000] {taskinstance.py:2480} INFO - Exporting env vars: AIRFLOW_CTX_DAG_OWNER='***' AIRFLOW_CTX_DAG_ID='amazon_sales_etl' AIRFLOW_CTX_TASK_ID='extract_data' AIRFLOW_CTX_EXECUTION_DATE='2025-12-16T05:33:15.841890+00:00' AIRFLOW_CTX_TRY_NUMBER='1' AIRFLOW_CTX_DAG_RUN_ID='manual__2025-12-16T05:33:15.841890+00:00'
[2025-12-16T06:00:38.838+0000] {subprocess.py:63} INFO - Tmp dir root location: /tmp
[2025-12-16T06:00:38.839+0000] {subprocess.py:75} INFO - Running command: ['/usr/bin/bash', '-c', 'python /opt/***/spark/jobs/extract.py']
[2025-12-16T06:00:38.847+0000] {subprocess.py:86} INFO - Output:
[2025-12-16T06:00:44.078+0000] {subprocess.py:93} INFO - Traceback (most recent call last):
[2025-12-16T06:00:44.079+0000] {subprocess.py:93} INFO -   File "/home/***/.local/lib/python3.8/site-packages/urllib3/connection.py", line 174, in _new_conn
[2025-12-16T06:00:44.079+0000] {subprocess.py:93} INFO -     conn = connection.create_connection(
[2025-12-16T06:00:44.080+0000] {subprocess.py:93} INFO -   File "/home/***/.local/lib/python3.8/site-packages/urllib3/util/connection.py", line 95, in create_connection
[2025-12-16T06:00:44.080+0000] {subprocess.py:93} INFO -     raise err
[2025-12-16T06:00:44.081+0000] {subprocess.py:93} INFO -   File "/home/***/.local/lib/python3.8/site-packages/urllib3/util/connection.py", line 85, in create_connection
[2025-12-16T06:00:44.081+0000] {subprocess.py:93} INFO -     sock.connect(sa)
[2025-12-16T06:00:44.082+0000] {subprocess.py:93} INFO - socket.timeout: timed out
[2025-12-16T06:00:44.082+0000] {subprocess.py:93} INFO - 
[2025-12-16T06:00:44.083+0000] {subprocess.py:93} INFO - During handling of the above exception, another exception occurred:
[2025-12-16T06:00:44.083+0000] {subprocess.py:93} INFO - 
[2025-12-16T06:00:44.084+0000] {subprocess.py:93} INFO - Traceback (most recent call last):
[2025-12-16T06:00:44.084+0000] {subprocess.py:93} INFO -   File "/home/***/.local/lib/python3.8/site-packages/urllib3/connectionpool.py", line 715, in urlopen
[2025-12-16T06:00:44.084+0000] {subprocess.py:93} INFO -     httplib_response = self._make_request(
[2025-12-16T06:00:44.085+0000] {subprocess.py:93} INFO -   File "/home/***/.local/lib/python3.8/site-packages/urllib3/connectionpool.py", line 404, in _make_request
[2025-12-16T06:00:44.086+0000] {subprocess.py:93} INFO -     self._validate_conn(conn)
[2025-12-16T06:00:44.087+0000] {subprocess.py:93} INFO -   File "/home/***/.local/lib/python3.8/site-packages/urllib3/connectionpool.py", line 1058, in _validate_conn
[2025-12-16T06:00:44.087+0000] {subprocess.py:93} INFO -     conn.connect()
[2025-12-16T06:00:44.088+0000] {subprocess.py:93} INFO -   File "/home/***/.local/lib/python3.8/site-packages/urllib3/connection.py", line 363, in connect
[2025-12-16T06:00:44.088+0000] {subprocess.py:93} INFO -     self.sock = conn = self._new_conn()
[2025-12-16T06:00:44.089+0000] {subprocess.py:93} INFO -   File "/home/***/.local/lib/python3.8/site-packages/urllib3/connection.py", line 179, in _new_conn
[2025-12-16T06:00:44.089+0000] {subprocess.py:93} INFO -     raise ConnectTimeoutError(
[2025-12-16T06:00:44.090+0000] {subprocess.py:93} INFO - urllib3.exceptions.ConnectTimeoutError: (<urllib3.connection.HTTPSConnection object at 0x72cd11bbc730>, 'Connection to www.kaggle.com timed out. (connect timeout=5)')
[2025-12-16T06:00:44.091+0000] {subprocess.py:93} INFO - 
[2025-12-16T06:00:44.091+0000] {subprocess.py:93} INFO - During handling of the above exception, another exception occurred:
[2025-12-16T06:00:44.092+0000] {subprocess.py:93} INFO - 
[2025-12-16T06:00:44.092+0000] {subprocess.py:93} INFO - Traceback (most recent call last):
[2025-12-16T06:00:44.092+0000] {subprocess.py:93} INFO -   File "/home/***/.local/lib/python3.8/site-packages/requests/adapters.py", line 486, in send
[2025-12-16T06:00:44.093+0000] {subprocess.py:93} INFO -     resp = conn.urlopen(
[2025-12-16T06:00:44.094+0000] {subprocess.py:93} INFO -   File "/home/***/.local/lib/python3.8/site-packages/urllib3/connectionpool.py", line 799, in urlopen
[2025-12-16T06:00:44.096+0000] {subprocess.py:93} INFO -     retries = retries.increment(
[2025-12-16T06:00:44.096+0000] {subprocess.py:93} INFO -   File "/home/***/.local/lib/python3.8/site-packages/urllib3/util/retry.py", line 592, in increment
[2025-12-16T06:00:44.097+0000] {subprocess.py:93} INFO -     raise MaxRetryError(_pool, url, error or ResponseError(cause))
[2025-12-16T06:00:44.097+0000] {subprocess.py:93} INFO - urllib3.exceptions.MaxRetryError: HTTPSConnectionPool(host='www.kaggle.com', port=443): Max retries exceeded with url: /api/v1/datasets/view/karkavelrajaj/amazon-sales-dataset (Caused by ConnectTimeoutError(<urllib3.connection.HTTPSConnection object at 0x72cd11bbc730>, 'Connection to www.kaggle.com timed out. (connect timeout=5)'))
[2025-12-16T06:00:44.098+0000] {subprocess.py:93} INFO - 
[2025-12-16T06:00:44.099+0000] {subprocess.py:93} INFO - During handling of the above exception, another exception occurred:
[2025-12-16T06:00:44.099+0000] {subprocess.py:93} INFO - 
[2025-12-16T06:00:44.100+0000] {subprocess.py:93} INFO - Traceback (most recent call last):
[2025-12-16T06:00:44.100+0000] {subprocess.py:93} INFO -   File "/opt/***/spark/jobs/extract.py", line 35, in <module>
[2025-12-16T06:00:44.101+0000] {subprocess.py:93} INFO -     main()
[2025-12-16T06:00:44.101+0000] {subprocess.py:93} INFO -   File "/opt/***/spark/jobs/extract.py", line 10, in main
[2025-12-16T06:00:44.102+0000] {subprocess.py:93} INFO -     downloaded_dir = kagglehub.dataset_download(
[2025-12-16T06:00:44.103+0000] {subprocess.py:93} INFO -   File "/home/***/.local/lib/python3.8/site-packages/kagglehub/datasets.py", line 28, in dataset_download
[2025-12-16T06:00:44.104+0000] {subprocess.py:93} INFO -     return registry.dataset_resolver(h, path, force_download=force_download)
[2025-12-16T06:00:44.105+0000] {subprocess.py:93} INFO -   File "/home/***/.local/lib/python3.8/site-packages/kagglehub/registry.py", line 23, in __call__
[2025-12-16T06:00:44.105+0000] {subprocess.py:93} INFO -     return impl(*args, **kwargs)
[2025-12-16T06:00:44.106+0000] {subprocess.py:93} INFO -   File "/home/***/.local/lib/python3.8/site-packages/kagglehub/http_resolver.py", line 37, in __call__
[2025-12-16T06:00:44.106+0000] {subprocess.py:93} INFO -     h.version = _get_current_version(api_client, h)
[2025-12-16T06:00:44.107+0000] {subprocess.py:93} INFO -   File "/home/***/.local/lib/python3.8/site-packages/kagglehub/http_resolver.py", line 160, in _get_current_version
[2025-12-16T06:00:44.108+0000] {subprocess.py:93} INFO -     json_response = api_client.get(_build_get_dataset_url_path(h), h)
[2025-12-16T06:00:44.108+0000] {subprocess.py:93} INFO -   File "/home/***/.local/lib/python3.8/site-packages/kagglehub/clients.py", line 104, in get
[2025-12-16T06:00:44.109+0000] {subprocess.py:93} INFO -     with requests.get(
[2025-12-16T06:00:44.109+0000] {subprocess.py:93} INFO -   File "/home/***/.local/lib/python3.8/site-packages/requests/api.py", line 73, in get
[2025-12-16T06:00:44.110+0000] {subprocess.py:93} INFO -     return request("get", url, params=params, **kwargs)
[2025-12-16T06:00:44.110+0000] {subprocess.py:93} INFO -   File "/home/***/.local/lib/python3.8/site-packages/requests/api.py", line 59, in request
[2025-12-16T06:00:44.111+0000] {subprocess.py:93} INFO -     return session.request(method=method, url=url, **kwargs)
[2025-12-16T06:00:44.111+0000] {subprocess.py:93} INFO -   File "/home/***/.local/lib/python3.8/site-packages/requests/sessions.py", line 589, in request
[2025-12-16T06:00:44.112+0000] {subprocess.py:93} INFO -     resp = self.send(prep, **send_kwargs)
[2025-12-16T06:00:44.112+0000] {subprocess.py:93} INFO -   File "/home/***/.local/lib/python3.8/site-packages/requests/sessions.py", line 703, in send
[2025-12-16T06:00:44.113+0000] {subprocess.py:93} INFO -     r = adapter.send(request, **kwargs)
[2025-12-16T06:00:44.113+0000] {subprocess.py:93} INFO -   File "/home/***/.local/lib/python3.8/site-packages/requests/adapters.py", line 507, in send
[2025-12-16T06:00:44.114+0000] {subprocess.py:93} INFO -     raise ConnectTimeout(e, request=request)
[2025-12-16T06:00:44.114+0000] {subprocess.py:93} INFO - requests.exceptions.ConnectTimeout: HTTPSConnectionPool(host='www.kaggle.com', port=443): Max retries exceeded with url: /api/v1/datasets/view/karkavelrajaj/amazon-sales-dataset (Caused by ConnectTimeoutError(<urllib3.connection.HTTPSConnection object at 0x72cd11bbc730>, 'Connection to www.kaggle.com timed out. (connect timeout=5)'))
[2025-12-16T06:00:44.117+0000] {subprocess.py:97} INFO - Command exited with return code 1
[2025-12-16T06:00:44.129+0000] {taskinstance.py:2698} ERROR - Task failed with exception
Traceback (most recent call last):
  File "/home/airflow/.local/lib/python3.8/site-packages/airflow/models/taskinstance.py", line 433, in _execute_task
    result = execute_callable(context=context, **execute_callable_kwargs)
  File "/home/airflow/.local/lib/python3.8/site-packages/airflow/operators/bash.py", line 212, in execute
    raise AirflowException(
airflow.exceptions.AirflowException: Bash command failed. The command returned a non-zero exit code 1.
[2025-12-16T06:00:44.132+0000] {taskinstance.py:1138} INFO - Marking task as FAILED. dag_id=amazon_sales_etl, task_id=extract_data, execution_date=20251216T053315, start_date=20251216T060038, end_date=20251216T060044
[2025-12-16T06:00:44.150+0000] {standard_task_runner.py:107} ERROR - Failed to execute job 128 for task extract_data (Bash command failed. The command returned a non-zero exit code 1.; 223)
[2025-12-16T06:00:44.177+0000] {local_task_job_runner.py:234} INFO - Task exited with return code 1
[2025-12-16T06:00:44.189+0000] {taskinstance.py:3280} INFO - 0 downstream tasks scheduled from follow-on schedule check
